<?xml version="1.0" encoding="UTF-8"?>
<testsuite name="ru.namaz.safadzhay.CalendarTest" tests="6" skipped="0" failures="0" errors="0" timestamp="2026-09-10T10:42:41" hostname="localhost" time="0.068">
  <properties/>
  <testcase name="fridayAndHolidayAreBothPresentInOneDay" classname="ru.namaz.safadzhay.CalendarTest" time="0.034"/>
  <testcase name="eventDatesAreSortedAndTitlesNotDuplicatedPerDay" classname="ru.namaz.safadzhay.CalendarTest" time="0.001"/>
  <testcase name="ordinaryDayHasNoBannerContent" classname="ru.namaz.safadzhay.CalendarTest" time="0.0"/>
  <testcase name="regularFridayHasOnlyFridayLabel" classname="ru.namaz.safadzhay.CalendarTest" time="0.0"/>
  <testcase name="eventsUseOnlyDumRf2026" classname="ru.namaz.safadzhay.CalendarTest" time="0.001"/>
  <testcase name="nightDisplayIncludesPreviousCivilDate" classname="ru.namaz.safadzhay.CalendarTest" time="0.031"/>
  <system-out><![CDATA[]]></system-out>
  <system-err><![CDATA[]]></system-err>
</testsuite>
