<?xml version="1.0" encoding="UTF-8"?>
<testsuite name="ru.namaz.safadzhay.QiblaMathTest" tests="7" skipped="0" failures="0" errors="0" timestamp="2026-09-20T15:56:15" hostname="localhost" time="0.001">
  <properties/>
  <testcase name="sameMeridianPointsNorthOrSouth" classname="ru.namaz.safadzhay.QiblaMathTest" time="0.0"/>
  <testcase name="staleFutureAndInvalidCoordinatesAreRejected" classname="ru.namaz.safadzhay.QiblaMathTest" time="0.0"/>
  <testcase name="bearingsAcrossHemispheres" classname="ru.namaz.safadzhay.QiblaMathTest" time="0.001"/>
  <testcase name="dateLineHasNoDirectionJump" classname="ru.namaz.safadzhay.QiblaMathTest" time="0.0"/>
  <testcase name="excessiveLocationUncertaintyIsRejected" classname="ru.namaz.safadzhay.QiblaMathTest" time="0.0"/>
  <testcase name="nearbyAndAntipodalDirectionIsNotPresentedAsCertain" classname="ru.namaz.safadzhay.QiblaMathTest" time="0.0"/>
  <testcase name="northWrapUsesTheShortestRotation" classname="ru.namaz.safadzhay.QiblaMathTest" time="0.0"/>
  <system-out><![CDATA[]]></system-out>
  <system-err><![CDATA[]]></system-err>
</testsuite>
